<?xml version="1.0" encoding="UTF-8"?>
<testsuite name="ParentModule.LibraryTest" tests="1" skipped="0" failures="0" errors="0" timestamp="2021-03-18T15:02:46" hostname="Nags-MacBook.local" time="0.0">
  <properties/>
  <testcase name="testSomeLibraryMethod" classname="ParentModule.LibraryTest" time="0.0"/>
  <system-out><![CDATA[]]></system-out>
  <system-err><![CDATA[]]></system-err>
</testsuite>
