<?xml version="1.0" encoding="UTF-8"?>
<testsuite name="ChildModule2" tests="1" skipped="0" failures="0" errors="0" timestamp="2021-03-18T14:49:50" hostname="Nags-MacBook.local" time="0.118">
  <properties/>
  <testcase name="Execute ChildModule2" classname="ChildModule2" time="0.118"/>
  <system-out><![CDATA[
Scenario: Execute ChildModule2         # src/test/resources/ChildModule2.feature:3
ChildModule1 compiled
  Given ChildModule1 is compiled       # ChildModule2.child_module1_is_compiled()
ChildModule1 built
  And built                            # ChildModule2.built()
ChildModule1 tested
  And tested                           # ChildModule2.tested()
ChildModule1 to ChildModule2
  When control falls into ChildModule2 # ChildModule2.control_falls_into_child_module2()
ChildModule2 executed
  Then run class files                 # ChildModule2.run_class_files()
ChildModule2 reported
  And generate report                  # ChildModule2.generate_report()
]]></system-out>
  <system-err><![CDATA[]]></system-err>
</testsuite>
